<?xml version="1.0" encoding="UTF-8"?>
<!-- Generated by org.testng.reporters.JUnitReportReporter -->
<testsuite hostname="Shaik" failures="0" tests="3" name="test.MainTest" time="8.712" errors="0" timestamp="2025-08-07T13:53:13 IST" skipped="0">
  <testcase classname="test.MainTest" name="testLoginButtonDisabledWhenFieldAreEmpty" time="1.933"/>
  <testcase classname="test.MainTest" name="testInvalidLoginShowErrorMsg" time="4.724"/>
  <testcase classname="test.MainTest" name="testPasswordMaskedbutton" time="2.055"/>
</testsuite> <!-- test.MainTest -->
